<?xml version="1.0" encoding="UTF-8"?>
<testng-results skipped="0" failed="0" total="1" passed="1">
  <reporter-output>
  </reporter-output>
  <suite name="Suite" duration-ms="11358" started-at="2023-08-04T10:35:24Z" finished-at="2023-08-04T10:35:35Z">
    <groups>
    </groups>
    <test name="Test" duration-ms="11358" started-at="2023-08-04T10:35:24Z" finished-at="2023-08-04T10:35:35Z">
      <class name="testAutomation.ApplPageData">
        <test-method status="PASS" signature="launchApp()[pri:0, instance:testAutomation.ApplPageData@66d2e7d9]" name="launchApp" is-config="true" duration-ms="4351" started-at="2023-08-04T03:35:24Z" finished-at="2023-08-04T03:35:28Z">
          <reporter-output>
          </reporter-output>
        </test-method> <!-- launchApp -->
        <test-method status="PASS" signature="verifySearchCustomerEmail(java.lang.String)[pri:0, instance:testAutomation.ApplPageData@66d2e7d9]" name="verifySearchCustomerEmail" duration-ms="6174" started-at="2023-08-04T03:35:28Z" data-provider="validTestData" finished-at="2023-08-04T03:35:34Z">
          <params>
            <param index="0">
              <value>
                <![CDATA[james_pan@nopCommerce.com]]>
              </value>
            </param>
          </params>
          <reporter-output>
          </reporter-output>
        </test-method> <!-- verifySearchCustomerEmail -->
        <test-method status="PASS" signature="closeApp()[pri:0, instance:testAutomation.ApplPageData@66d2e7d9]" name="closeApp" is-config="true" duration-ms="821" started-at="2023-08-04T03:35:34Z" finished-at="2023-08-04T03:35:35Z">
          <reporter-output>
          </reporter-output>
        </test-method> <!-- closeApp -->
      </class> <!-- testAutomation.ApplPageData -->
    </test> <!-- Test -->
  </suite> <!-- Suite -->
</testng-results>
