<?xml version="1.0" encoding="UTF-8"?>
<testng-results skipped="0" failed="0" ignored="0" total="1" passed="1">
  <reporter-output>
  </reporter-output>
  <suite name="Suite" duration-ms="11693" started-at="2023-08-04T10:14:03Z" finished-at="2023-08-04T10:14:15Z">
    <groups>
    </groups>
    <test name="Test" duration-ms="11693" started-at="2023-08-04T10:14:03Z" finished-at="2023-08-04T10:14:15Z">
      <class name="testAutomation.ApplPageData">
        <test-method status="PASS" signature="launchApp()[pri:0, instance:testAutomation.ApplPageData@f6c48ac]" name="launchApp" is-config="true" duration-ms="4468" started-at="2023-08-04T03:14:03Z" finished-at="2023-08-04T03:14:08Z">
          <reporter-output>
          </reporter-output>
        </test-method> <!-- launchApp -->
        <test-method status="PASS" signature="verifySearchCustomerEmail(java.lang.String)[pri:0, instance:testAutomation.ApplPageData@f6c48ac]" name="verifySearchCustomerEmail" duration-ms="6316" started-at="2023-08-04T03:14:08Z" data-provider="validTestData" finished-at="2023-08-04T03:14:14Z">
          <params>
            <param index="0">
              <value>
                <![CDATA[james_pan@nopCommerce.com]]>
              </value>
            </param>
          </params>
          <reporter-output>
          </reporter-output>
        </test-method> <!-- verifySearchCustomerEmail -->
        <test-method status="PASS" signature="closeApp()[pri:0, instance:testAutomation.ApplPageData@f6c48ac]" name="closeApp" is-config="true" duration-ms="885" started-at="2023-08-04T03:14:14Z" finished-at="2023-08-04T03:14:15Z">
          <reporter-output>
          </reporter-output>
        </test-method> <!-- closeApp -->
      </class> <!-- testAutomation.ApplPageData -->
    </test> <!-- Test -->
  </suite> <!-- Suite -->
</testng-results>
